{"level":"info","message":"Iniciando em modo produção","service":"easy-huawei-backend","timestamp":"2025-04-12T16:00:42.429Z"}
{"level":"info","message":"Conexão com o banco de dados estabelecida com sucesso.","service":"easy-huawei-backend","timestamp":"2025-04-12T16:00:42.435Z"}
{"level":"info","message":"Modelos sincronizados com sucesso.","service":"easy-huawei-backend","timestamp":"2025-04-12T16:00:42.441Z"}
{"level":"info","message":"Servidor rodando na porta 3002","service":"easy-huawei-backend","timestamp":"2025-04-12T16:00:42.442Z"}
{"level":"info","message":"Iniciando em modo produção","service":"easy-huawei-backend","timestamp":"2025-04-12T16:03:25.587Z"}
{"level":"info","message":"Conexão com o banco de dados estabelecida com sucesso.","service":"easy-huawei-backend","timestamp":"2025-04-12T16:03:25.593Z"}
{"level":"info","message":"Modelos sincronizados com sucesso.","service":"easy-huawei-backend","timestamp":"2025-04-12T16:03:25.601Z"}
{"level":"info","message":"Servidor rodando na porta 3002","service":"easy-huawei-backend","timestamp":"2025-04-12T16:03:25.602Z"}
{"error":"Not connected","level":"error","message":"Erro ao obter informações da OLT","service":"easy-huawei-backend","timestamp":"2025-04-12T16:03:51.007Z"}
{"error":"Not connected","level":"error","message":"Erro ao obter informações da OLT","service":"easy-huawei-backend","timestamp":"2025-04-12T16:04:21.026Z"}
{"error":"Falha ao conectar à OLT após 3 tentativas","level":"error","message":"Erro ao obter informações da OLT","service":"easy-huawei-backend","timestamp":"2025-04-12T16:04:50.831Z"}
{"error":"Falha ao conectar à OLT após 3 tentativas","level":"error","message":"Erro ao obter informações da OLT","service":"easy-huawei-backend","timestamp":"2025-04-12T16:05:20.654Z"}
{"error":"Falha ao conectar à OLT após 3 tentativas","level":"error","message":"Erro ao obter informações da OLT","service":"easy-huawei-backend","timestamp":"2025-04-12T16:05:51.049Z"}
{"error":"Falha ao conectar à OLT após 3 tentativas","level":"error","message":"Erro ao obter informações da OLT","service":"easy-huawei-backend","timestamp":"2025-04-12T16:06:20.888Z"}
{"error":"Falha ao conectar à OLT após 3 tentativas","level":"error","message":"Erro ao obter informações da OLT","service":"easy-huawei-backend","timestamp":"2025-04-12T16:06:50.799Z"}
{"error":"Falha ao conectar à OLT após 3 tentativas","level":"error","message":"Erro ao obter informações da OLT","service":"easy-huawei-backend","timestamp":"2025-04-12T16:07:20.907Z"}
{"error":"Falha ao conectar à OLT após 3 tentativas","level":"error","message":"Erro ao obter informações da OLT","service":"easy-huawei-backend","timestamp":"2025-04-12T16:07:50.808Z"}
{"error":"Falha ao conectar à OLT após 3 tentativas","level":"error","message":"Erro ao obter informações da OLT","service":"easy-huawei-backend","timestamp":"2025-04-12T16:08:21.529Z"}
{"error":"Falha ao conectar à OLT após 3 tentativas","level":"error","message":"Erro ao obter informações da OLT","service":"easy-huawei-backend","timestamp":"2025-04-12T16:08:51.739Z"}
{"error":"Falha ao conectar à OLT após 3 tentativas","level":"error","message":"Erro ao obter informações da OLT","service":"easy-huawei-backend","timestamp":"2025-04-12T16:09:52.573Z"}
{"error":"Falha ao conectar à OLT após 3 tentativas","level":"error","message":"Erro ao obter informações da OLT","service":"easy-huawei-backend","timestamp":"2025-04-12T16:10:53.583Z"}
{"error":"Falha ao conectar à OLT após 3 tentativas","level":"error","message":"Erro ao obter informações da OLT","service":"easy-huawei-backend","timestamp":"2025-04-12T16:11:54.620Z"}
{"error":"Falha ao conectar à OLT após 3 tentativas","level":"error","message":"Erro ao obter informações da OLT","service":"easy-huawei-backend","timestamp":"2025-04-12T16:12:55.681Z"}
{"error":"Falha ao conectar à OLT após 3 tentativas","level":"error","message":"Erro ao obter informações da OLT","service":"easy-huawei-backend","timestamp":"2025-04-12T16:13:56.020Z"}
{"error":"Falha ao conectar à OLT após 3 tentativas","level":"error","message":"Erro ao obter informações da OLT","service":"easy-huawei-backend","timestamp":"2025-04-12T16:14:57.705Z"}
{"error":"Falha ao conectar à OLT após 3 tentativas","level":"error","message":"Erro ao obter informações da OLT","service":"easy-huawei-backend","timestamp":"2025-04-12T16:15:58.730Z"}
{"error":"Falha ao conectar à OLT após 3 tentativas","level":"error","message":"Erro ao obter informações da OLT","service":"easy-huawei-backend","timestamp":"2025-04-12T16:16:59.634Z"}
{"error":"Falha ao conectar à OLT após 3 tentativas","level":"error","message":"Erro ao obter informações da OLT","service":"easy-huawei-backend","timestamp":"2025-04-12T16:18:00.686Z"}
{"error":"Falha ao conectar à OLT após 3 tentativas","level":"error","message":"Erro ao obter informações da OLT","service":"easy-huawei-backend","timestamp":"2025-04-12T16:19:01.908Z"}
{"error":"Falha ao conectar à OLT após 3 tentativas","level":"error","message":"Erro ao obter informações da OLT","service":"easy-huawei-backend","timestamp":"2025-04-12T16:20:02.752Z"}
{"error":"Falha ao conectar à OLT após 3 tentativas","level":"error","message":"Erro ao obter informações da OLT","service":"easy-huawei-backend","timestamp":"2025-04-12T16:21:03.799Z"}
{"error":"Falha ao conectar à OLT após 3 tentativas","level":"error","message":"Erro ao obter informações da OLT","service":"easy-huawei-backend","timestamp":"2025-04-12T16:22:04.660Z"}
{"error":"Falha ao conectar à OLT após 3 tentativas","level":"error","message":"Erro ao obter informações da OLT","service":"easy-huawei-backend","timestamp":"2025-04-12T16:23:05.824Z"}
{"error":"Falha ao conectar à OLT após 3 tentativas","level":"error","message":"Erro ao obter informações da OLT","service":"easy-huawei-backend","timestamp":"2025-04-12T16:24:06.639Z"}
{"error":"Falha ao conectar à OLT após 3 tentativas","level":"error","message":"Erro ao obter informações da OLT","service":"easy-huawei-backend","timestamp":"2025-04-12T16:25:07.869Z"}
{"error":"Falha ao conectar à OLT após 3 tentativas","level":"error","message":"Erro ao obter informações da OLT","service":"easy-huawei-backend","timestamp":"2025-04-12T16:26:08.929Z"}
{"error":"Falha ao conectar à OLT após 3 tentativas","level":"error","message":"Erro ao obter informações da OLT","service":"easy-huawei-backend","timestamp":"2025-04-12T16:27:08.962Z"}
{"error":"Falha ao conectar à OLT após 3 tentativas","level":"error","message":"Erro ao obter informações da OLT","service":"easy-huawei-backend","timestamp":"2025-04-12T16:28:08.815Z"}
{"error":"Falha ao conectar à OLT após 3 tentativas","level":"error","message":"Erro ao obter informações da OLT","service":"easy-huawei-backend","timestamp":"2025-04-12T16:29:08.844Z"}
{"error":"Falha ao conectar à OLT após 3 tentativas","level":"error","message":"Erro ao obter informações da OLT","service":"easy-huawei-backend","timestamp":"2025-04-12T16:30:08.116Z"}
{"error":"Falha ao conectar à OLT após 3 tentativas","level":"error","message":"Erro ao obter informações da OLT","service":"easy-huawei-backend","timestamp":"2025-04-12T16:31:08.878Z"}
{"error":"Falha ao conectar à OLT após 3 tentativas","level":"error","message":"Erro ao obter informações da OLT","service":"easy-huawei-backend","timestamp":"2025-04-12T16:32:08.705Z"}
{"error":"Falha ao conectar à OLT após 3 tentativas","level":"error","message":"Erro ao obter informações da OLT","service":"easy-huawei-backend","timestamp":"2025-04-12T16:33:08.878Z"}
{"error":"Falha ao conectar à OLT após 3 tentativas","level":"error","message":"Erro ao obter informações da OLT","service":"easy-huawei-backend","timestamp":"2025-04-12T16:34:09.086Z"}
{"error":"Falha ao conectar à OLT após 3 tentativas","level":"error","message":"Erro ao obter informações da OLT","service":"easy-huawei-backend","timestamp":"2025-04-12T16:35:09.022Z"}
{"error":"Falha ao conectar à OLT após 3 tentativas","level":"error","message":"Erro ao obter informações da OLT","service":"easy-huawei-backend","timestamp":"2025-04-12T16:36:08.929Z"}
{"error":"Falha ao conectar à OLT após 3 tentativas","level":"error","message":"Erro ao obter informações da OLT","service":"easy-huawei-backend","timestamp":"2025-04-12T16:37:08.945Z"}
{"error":"Falha ao conectar à OLT após 3 tentativas","level":"error","message":"Erro ao obter informações da OLT","service":"easy-huawei-backend","timestamp":"2025-04-12T16:38:08.823Z"}
{"error":"Falha ao conectar à OLT após 3 tentativas","level":"error","message":"Erro ao obter informações da OLT","service":"easy-huawei-backend","timestamp":"2025-04-12T16:39:08.979Z"}
{"error":"Falha ao conectar à OLT após 3 tentativas","level":"error","message":"Erro ao obter informações da OLT","service":"easy-huawei-backend","timestamp":"2025-04-12T16:40:08.989Z"}
{"error":"Falha ao conectar à OLT após 3 tentativas","level":"error","message":"Erro ao obter informações da OLT","service":"easy-huawei-backend","timestamp":"2025-04-12T16:41:09.032Z"}
{"error":"Falha ao conectar à OLT após 3 tentativas","level":"error","message":"Erro ao obter informações da OLT","service":"easy-huawei-backend","timestamp":"2025-04-12T16:42:09.035Z"}
{"error":"Falha ao conectar à OLT após 3 tentativas","level":"error","message":"Erro ao obter informações da OLT","service":"easy-huawei-backend","timestamp":"2025-04-12T16:43:08.956Z"}
{"error":"Falha ao conectar à OLT após 3 tentativas","level":"error","message":"Erro ao obter informações da OLT","service":"easy-huawei-backend","timestamp":"2025-04-12T16:44:08.985Z"}
{"error":"Falha ao conectar à OLT após 3 tentativas","level":"error","message":"Erro ao obter informações da OLT","service":"easy-huawei-backend","timestamp":"2025-04-12T16:45:08.986Z"}
{"error":"Falha ao conectar à OLT após 3 tentativas","level":"error","message":"Erro ao obter informações da OLT","service":"easy-huawei-backend","timestamp":"2025-04-12T16:46:08.283Z"}
{"error":"Falha ao conectar à OLT após 3 tentativas","level":"error","message":"Erro ao obter informações da OLT","service":"easy-huawei-backend","timestamp":"2025-04-12T16:47:08.784Z"}
{"error":"Falha ao conectar à OLT após 3 tentativas","level":"error","message":"Erro ao obter informações da OLT","service":"easy-huawei-backend","timestamp":"2025-04-12T16:48:08.907Z"}
{"error":"Falha ao conectar à OLT após 3 tentativas","level":"error","message":"Erro ao obter informações da OLT","service":"easy-huawei-backend","timestamp":"2025-04-12T16:49:09.139Z"}
{"error":"Falha ao conectar à OLT após 3 tentativas","level":"error","message":"Erro ao obter informações da OLT","service":"easy-huawei-backend","timestamp":"2025-04-12T16:50:09.172Z"}
{"error":"Falha ao conectar à OLT após 3 tentativas","level":"error","message":"Erro ao obter informações da OLT","service":"easy-huawei-backend","timestamp":"2025-04-12T16:51:08.981Z"}
{"error":"Falha ao conectar à OLT após 3 tentativas","level":"error","message":"Erro ao obter informações da OLT","service":"easy-huawei-backend","timestamp":"2025-04-12T16:52:08.792Z"}
{"error":"Falha ao conectar à OLT após 3 tentativas","level":"error","message":"Erro ao obter informações da OLT","service":"easy-huawei-backend","timestamp":"2025-04-12T16:53:09.075Z"}
{"error":"Falha ao conectar à OLT após 3 tentativas","level":"error","message":"Erro ao obter informações da OLT","service":"easy-huawei-backend","timestamp":"2025-04-12T16:54:09.090Z"}
{"error":"Falha ao conectar à OLT após 3 tentativas","level":"error","message":"Erro ao obter informações da OLT","service":"easy-huawei-backend","timestamp":"2025-04-12T16:55:08.903Z"}
{"error":"Falha ao conectar à OLT após 3 tentativas","level":"error","message":"Erro ao obter informações da OLT","service":"easy-huawei-backend","timestamp":"2025-04-12T16:56:09.119Z"}
{"error":"Falha ao conectar à OLT após 3 tentativas","level":"error","message":"Erro ao obter informações da OLT","service":"easy-huawei-backend","timestamp":"2025-04-12T16:57:09.125Z"}
{"error":"Falha ao conectar à OLT após 3 tentativas","level":"error","message":"Erro ao obter informações da OLT","service":"easy-huawei-backend","timestamp":"2025-04-12T16:58:09.172Z"}
{"error":"Falha ao conectar à OLT após 3 tentativas","level":"error","message":"Erro ao obter informações da OLT","service":"easy-huawei-backend","timestamp":"2025-04-12T16:59:08.999Z"}
{"error":"Falha ao conectar à OLT após 3 tentativas","level":"error","message":"Erro ao obter informações da OLT","service":"easy-huawei-backend","timestamp":"2025-04-12T17:00:08.914Z"}
{"error":"Falha ao conectar à OLT após 3 tentativas","level":"error","message":"Erro ao obter informações da OLT","service":"easy-huawei-backend","timestamp":"2025-04-12T17:01:09.053Z"}
{"error":"Falha ao conectar à OLT após 3 tentativas","level":"error","message":"Erro ao obter informações da OLT","service":"easy-huawei-backend","timestamp":"2025-04-12T17:02:08.358Z"}
{"error":"Falha ao conectar à OLT após 3 tentativas","level":"error","message":"Erro ao obter informações da OLT","service":"easy-huawei-backend","timestamp":"2025-04-12T17:03:08.959Z"}
{"error":"Falha ao conectar à OLT após 3 tentativas","level":"error","message":"Erro ao obter informações da OLT","service":"easy-huawei-backend","timestamp":"2025-04-12T17:04:09.155Z"}
{"error":"Falha ao conectar à OLT após 3 tentativas","level":"error","message":"Erro ao obter informações da OLT","service":"easy-huawei-backend","timestamp":"2025-04-12T17:05:09.166Z"}
{"error":"Falha ao conectar à OLT após 3 tentativas","level":"error","message":"Erro ao obter informações da OLT","service":"easy-huawei-backend","timestamp":"2025-04-12T17:06:09.199Z"}
{"error":"Falha ao conectar à OLT após 3 tentativas","level":"error","message":"Erro ao obter informações da OLT","service":"easy-huawei-backend","timestamp":"2025-04-12T17:07:08.980Z"}
{"error":"Falha ao conectar à OLT após 3 tentativas","level":"error","message":"Erro ao obter informações da OLT","service":"easy-huawei-backend","timestamp":"2025-04-12T17:08:08.987Z"}
{"error":"Falha ao conectar à OLT após 3 tentativas","level":"error","message":"Erro ao obter informações da OLT","service":"easy-huawei-backend","timestamp":"2025-04-12T17:09:08.891Z"}
{"error":"Falha ao conectar à OLT após 3 tentativas","level":"error","message":"Erro ao obter informações da OLT","service":"easy-huawei-backend","timestamp":"2025-04-12T17:10:08.996Z"}
{"error":"Falha ao conectar à OLT após 3 tentativas","level":"error","message":"Erro ao obter informações da OLT","service":"easy-huawei-backend","timestamp":"2025-04-12T17:11:08.997Z"}
{"error":"Falha ao conectar à OLT após 3 tentativas","level":"error","message":"Erro ao obter informações da OLT","service":"easy-huawei-backend","timestamp":"2025-04-12T17:12:09.019Z"}
{"error":"Falha ao conectar à OLT após 3 tentativas","level":"error","message":"Erro ao obter informações da OLT","service":"easy-huawei-backend","timestamp":"2025-04-12T17:13:09.030Z"}
{"error":"Falha ao conectar à OLT após 3 tentativas","level":"error","message":"Erro ao obter informações da OLT","service":"easy-huawei-backend","timestamp":"2025-04-12T17:14:09.159Z"}
{"error":"Falha ao conectar à OLT após 3 tentativas","level":"error","message":"Erro ao obter informações da OLT","service":"easy-huawei-backend","timestamp":"2025-04-12T17:15:09.016Z"}
{"error":"Falha ao conectar à OLT após 3 tentativas","level":"error","message":"Erro ao obter informações da OLT","service":"easy-huawei-backend","timestamp":"2025-04-12T17:16:09.043Z"}
{"error":"Falha ao conectar à OLT após 3 tentativas","level":"error","message":"Erro ao obter informações da OLT","service":"easy-huawei-backend","timestamp":"2025-04-12T17:17:09.061Z"}
{"error":"Falha ao conectar à OLT após 3 tentativas","level":"error","message":"Erro ao obter informações da OLT","service":"easy-huawei-backend","timestamp":"2025-04-12T17:18:08.398Z"}
{"error":"Falha ao conectar à OLT após 3 tentativas","level":"error","message":"Erro ao obter informações da OLT","service":"easy-huawei-backend","timestamp":"2025-04-12T17:19:08.924Z"}
{"error":"Falha ao conectar à OLT após 3 tentativas","level":"error","message":"Erro ao obter informações da OLT","service":"easy-huawei-backend","timestamp":"2025-04-12T17:20:08.946Z"}
{"error":"Falha ao conectar à OLT após 3 tentativas","level":"error","message":"Erro ao obter informações da OLT","service":"easy-huawei-backend","timestamp":"2025-04-12T17:21:09.075Z"}
{"error":"Falha ao conectar à OLT após 3 tentativas","level":"error","message":"Erro ao obter informações da OLT","service":"easy-huawei-backend","timestamp":"2025-04-12T17:22:09.093Z"}
{"error":"Falha ao conectar à OLT após 3 tentativas","level":"error","message":"Erro ao obter informações da OLT","service":"easy-huawei-backend","timestamp":"2025-04-12T17:23:09.006Z"}
{"error":"Falha ao conectar à OLT após 3 tentativas","level":"error","message":"Erro ao obter informações da OLT","service":"easy-huawei-backend","timestamp":"2025-04-12T17:24:09.026Z"}
{"error":"Falha ao conectar à OLT após 3 tentativas","level":"error","message":"Erro ao obter informações da OLT","service":"easy-huawei-backend","timestamp":"2025-04-12T17:25:09.044Z"}
{"error":"Falha ao conectar à OLT após 3 tentativas","level":"error","message":"Erro ao obter informações da OLT","service":"easy-huawei-backend","timestamp":"2025-04-12T17:26:09.117Z"}
{"error":"Falha ao conectar à OLT após 3 tentativas","level":"error","message":"Erro ao obter informações da OLT","service":"easy-huawei-backend","timestamp":"2025-04-12T17:27:09.049Z"}
{"error":"Falha ao conectar à OLT após 3 tentativas","level":"error","message":"Erro ao obter informações da OLT","service":"easy-huawei-backend","timestamp":"2025-04-12T17:28:08.923Z"}
{"error":"Falha ao conectar à OLT após 3 tentativas","level":"error","message":"Erro ao obter informações da OLT","service":"easy-huawei-backend","timestamp":"2025-04-12T17:29:08.945Z"}
{"error":"Falha ao conectar à OLT após 3 tentativas","level":"error","message":"Erro ao obter informações da OLT","service":"easy-huawei-backend","timestamp":"2025-04-12T17:30:09.116Z"}
{"error":"Falha ao conectar à OLT após 3 tentativas","level":"error","message":"Erro ao obter informações da OLT","service":"easy-huawei-backend","timestamp":"2025-04-12T17:31:09.012Z"}
{"error":"Falha ao conectar à OLT após 3 tentativas","level":"error","message":"Erro ao obter informações da OLT","service":"easy-huawei-backend","timestamp":"2025-04-12T17:32:09.032Z"}
{"error":"Falha ao conectar à OLT após 3 tentativas","level":"error","message":"Erro ao obter informações da OLT","service":"easy-huawei-backend","timestamp":"2025-04-12T17:33:09.058Z"}
{"error":"Falha ao conectar à OLT após 3 tentativas","level":"error","message":"Erro ao obter informações da OLT","service":"easy-huawei-backend","timestamp":"2025-04-12T17:34:08.410Z"}
{"error":"Falha ao conectar à OLT após 3 tentativas","level":"error","message":"Erro ao obter informações da OLT","service":"easy-huawei-backend","timestamp":"2025-04-12T17:35:09.096Z"}
{"error":"Falha ao conectar à OLT após 3 tentativas","level":"error","message":"Erro ao obter informações da OLT","service":"easy-huawei-backend","timestamp":"2025-04-12T17:36:09.128Z"}
{"error":"Falha ao conectar à OLT após 3 tentativas","level":"error","message":"Erro ao obter informações da OLT","service":"easy-huawei-backend","timestamp":"2025-04-12T17:37:09.141Z"}
{"error":"Falha ao conectar à OLT após 3 tentativas","level":"error","message":"Erro ao obter informações da OLT","service":"easy-huawei-backend","timestamp":"2025-04-12T17:38:08.979Z"}
{"error":"Falha ao conectar à OLT após 3 tentativas","level":"error","message":"Erro ao obter informações da OLT","service":"easy-huawei-backend","timestamp":"2025-04-12T17:39:08.991Z"}
{"error":"Falha ao conectar à OLT após 3 tentativas","level":"error","message":"Erro ao obter informações da OLT","service":"easy-huawei-backend","timestamp":"2025-04-12T17:40:09.031Z"}
{"error":"Falha ao conectar à OLT após 3 tentativas","level":"error","message":"Erro ao obter informações da OLT","service":"easy-huawei-backend","timestamp":"2025-04-12T17:41:09.155Z"}
{"error":"Falha ao conectar à OLT após 3 tentativas","level":"error","message":"Erro ao obter informações da OLT","service":"easy-huawei-backend","timestamp":"2025-04-12T17:42:08.967Z"}
{"error":"Falha ao conectar à OLT após 3 tentativas","level":"error","message":"Erro ao obter informações da OLT","service":"easy-huawei-backend","timestamp":"2025-04-12T17:43:09.122Z"}
{"error":"Falha ao conectar à OLT após 3 tentativas","level":"error","message":"Erro ao obter informações da OLT","service":"easy-huawei-backend","timestamp":"2025-04-12T17:44:09.129Z"}
{"error":"Falha ao conectar à OLT após 3 tentativas","level":"error","message":"Erro ao obter informações da OLT","service":"easy-huawei-backend","timestamp":"2025-04-12T17:45:09.158Z"}
{"error":"Falha ao conectar à OLT após 3 tentativas","level":"error","message":"Erro ao obter informações da OLT","service":"easy-huawei-backend","timestamp":"2025-04-12T17:46:09.172Z"}
{"error":"Falha ao conectar à OLT após 3 tentativas","level":"error","message":"Erro ao obter informações da OLT","service":"easy-huawei-backend","timestamp":"2025-04-12T17:47:09.011Z"}
{"error":"Falha ao conectar à OLT após 3 tentativas","level":"error","message":"Erro ao obter informações da OLT","service":"easy-huawei-backend","timestamp":"2025-04-12T17:48:09.045Z"}
{"error":"Falha ao conectar à OLT após 3 tentativas","level":"error","message":"Erro ao obter informações da OLT","service":"easy-huawei-backend","timestamp":"2025-04-12T17:49:09.062Z"}
{"error":"Falha ao conectar à OLT após 3 tentativas","level":"error","message":"Erro ao obter informações da OLT","service":"easy-huawei-backend","timestamp":"2025-04-12T17:50:08.412Z"}
{"error":"Falha ao conectar à OLT após 3 tentativas","level":"error","message":"Erro ao obter informações da OLT","service":"easy-huawei-backend","timestamp":"2025-04-12T17:51:09.098Z"}
{"error":"Falha ao conectar à OLT após 3 tentativas","level":"error","message":"Erro ao obter informações da OLT","service":"easy-huawei-backend","timestamp":"2025-04-12T17:52:09.127Z"}
{"error":"Falha ao conectar à OLT após 3 tentativas","level":"error","message":"Erro ao obter informações da OLT","service":"easy-huawei-backend","timestamp":"2025-04-12T17:53:09.149Z"}
{"error":"Falha ao conectar à OLT após 3 tentativas","level":"error","message":"Erro ao obter informações da OLT","service":"easy-huawei-backend","timestamp":"2025-04-12T17:54:08.859Z"}
{"error":"Falha ao conectar à OLT após 3 tentativas","level":"error","message":"Erro ao obter informações da OLT","service":"easy-huawei-backend","timestamp":"2025-04-12T17:55:08.875Z"}
{"error":"Falha ao conectar à OLT após 3 tentativas","level":"error","message":"Erro ao obter informações da OLT","service":"easy-huawei-backend","timestamp":"2025-04-12T17:56:09.060Z"}
{"error":"Falha ao conectar à OLT após 3 tentativas","level":"error","message":"Erro ao obter informações da OLT","service":"easy-huawei-backend","timestamp":"2025-04-12T17:57:09.087Z"}
{"error":"Falha ao conectar à OLT após 3 tentativas","level":"error","message":"Erro ao obter informações da OLT","service":"easy-huawei-backend","timestamp":"2025-04-12T17:58:09.114Z"}
{"error":"Falha ao conectar à OLT após 3 tentativas","level":"error","message":"Erro ao obter informações da OLT","service":"easy-huawei-backend","timestamp":"2025-04-12T17:59:09.125Z"}
{"error":"Falha ao conectar à OLT após 3 tentativas","level":"error","message":"Erro ao obter informações da OLT","service":"easy-huawei-backend","timestamp":"2025-04-12T18:00:09.143Z"}
{"error":"Falha ao conectar à OLT após 3 tentativas","level":"error","message":"Erro ao obter informações da OLT","service":"easy-huawei-backend","timestamp":"2025-04-12T18:01:08.947Z"}
{"error":"Falha ao conectar à OLT após 3 tentativas","level":"error","message":"Erro ao obter informações da OLT","service":"easy-huawei-backend","timestamp":"2025-04-12T18:02:09.151Z"}
{"error":"Falha ao conectar à OLT após 3 tentativas","level":"error","message":"Erro ao obter informações da OLT","service":"easy-huawei-backend","timestamp":"2025-04-12T18:03:09.158Z"}
{"error":"Falha ao conectar à OLT após 3 tentativas","level":"error","message":"Erro ao obter informações da OLT","service":"easy-huawei-backend","timestamp":"2025-04-12T18:04:09.156Z"}
{"error":"Falha ao conectar à OLT após 3 tentativas","level":"error","message":"Erro ao obter informações da OLT","service":"easy-huawei-backend","timestamp":"2025-04-12T18:05:09.157Z"}
{"error":"Falha ao conectar à OLT após 3 tentativas","level":"error","message":"Erro ao obter informações da OLT","service":"easy-huawei-backend","timestamp":"2025-04-12T18:06:08.413Z"}
{"error":"Falha ao conectar à OLT após 3 tentativas","level":"error","message":"Erro ao obter informações da OLT","service":"easy-huawei-backend","timestamp":"2025-04-12T18:07:09.194Z"}
{"error":"Falha ao conectar à OLT após 3 tentativas","level":"error","message":"Erro ao obter informações da OLT","service":"easy-huawei-backend","timestamp":"2025-04-12T18:08:09.226Z"}
{"error":"Falha ao conectar à OLT após 3 tentativas","level":"error","message":"Erro ao obter informações da OLT","service":"easy-huawei-backend","timestamp":"2025-04-12T18:09:09.252Z"}
{"error":"Falha ao conectar à OLT após 3 tentativas","level":"error","message":"Erro ao obter informações da OLT","service":"easy-huawei-backend","timestamp":"2025-04-12T18:10:08.989Z"}
{"error":"Falha ao conectar à OLT após 3 tentativas","level":"error","message":"Erro ao obter informações da OLT","service":"easy-huawei-backend","timestamp":"2025-04-12T18:11:09.112Z"}
{"error":"Falha ao conectar à OLT após 3 tentativas","level":"error","message":"Erro ao obter informações da OLT","service":"easy-huawei-backend","timestamp":"2025-04-12T18:12:09.142Z"}
{"error":"Falha ao conectar à OLT após 3 tentativas","level":"error","message":"Erro ao obter informações da OLT","service":"easy-huawei-backend","timestamp":"2025-04-12T18:13:09.178Z"}
{"error":"Falha ao conectar à OLT após 3 tentativas","level":"error","message":"Erro ao obter informações da OLT","service":"easy-huawei-backend","timestamp":"2025-04-12T18:14:08.995Z"}
{"error":"Falha ao conectar à OLT após 3 tentativas","level":"error","message":"Erro ao obter informações da OLT","service":"easy-huawei-backend","timestamp":"2025-04-12T18:15:09.020Z"}
{"error":"Falha ao conectar à OLT após 3 tentativas","level":"error","message":"Erro ao obter informações da OLT","service":"easy-huawei-backend","timestamp":"2025-04-12T18:16:09.061Z"}
{"error":"Falha ao conectar à OLT após 3 tentativas","level":"error","message":"Erro ao obter informações da OLT","service":"easy-huawei-backend","timestamp":"2025-04-12T18:17:09.087Z"}
{"error":"Falha ao conectar à OLT após 3 tentativas","level":"error","message":"Erro ao obter informações da OLT","service":"easy-huawei-backend","timestamp":"2025-04-12T18:18:09.030Z"}
{"error":"Falha ao conectar à OLT após 3 tentativas","level":"error","message":"Erro ao obter informações da OLT","service":"easy-huawei-backend","timestamp":"2025-04-12T18:19:09.035Z"}
{"error":"Falha ao conectar à OLT após 3 tentativas","level":"error","message":"Erro ao obter informações da OLT","service":"easy-huawei-backend","timestamp":"2025-04-12T18:20:09.199Z"}
{"error":"Falha ao conectar à OLT após 3 tentativas","level":"error","message":"Erro ao obter informações da OLT","service":"easy-huawei-backend","timestamp":"2025-04-12T18:21:09.237Z"}
{"error":"Falha ao conectar à OLT após 3 tentativas","level":"error","message":"Erro ao obter informações da OLT","service":"easy-huawei-backend","timestamp":"2025-04-12T18:22:08.414Z"}
{"error":"Falha ao conectar à OLT após 3 tentativas","level":"error","message":"Erro ao obter informações da OLT","service":"easy-huawei-backend","timestamp":"2025-04-12T18:23:09.044Z"}
{"error":"Falha ao conectar à OLT após 3 tentativas","level":"error","message":"Erro ao obter informações da OLT","service":"easy-huawei-backend","timestamp":"2025-04-12T18:24:09.142Z"}
{"error":"Falha ao conectar à OLT após 3 tentativas","level":"error","message":"Erro ao obter informações da OLT","service":"easy-huawei-backend","timestamp":"2025-04-12T18:25:09.164Z"}
{"error":"Falha ao conectar à OLT após 3 tentativas","level":"error","message":"Erro ao obter informações da OLT","service":"easy-huawei-backend","timestamp":"2025-04-12T18:26:08.979Z"}
{"error":"Falha ao conectar à OLT após 3 tentativas","level":"error","message":"Erro ao obter informações da OLT","service":"easy-huawei-backend","timestamp":"2025-04-12T18:27:09.062Z"}
{"error":"Falha ao conectar à OLT após 3 tentativas","level":"error","message":"Erro ao obter informações da OLT","service":"easy-huawei-backend","timestamp":"2025-04-12T18:28:09.072Z"}
{"error":"Falha ao conectar à OLT após 3 tentativas","level":"error","message":"Erro ao obter informações da OLT","service":"easy-huawei-backend","timestamp":"2025-04-12T18:29:09.083Z"}
{"error":"Falha ao conectar à OLT após 3 tentativas","level":"error","message":"Erro ao obter informações da OLT","service":"easy-huawei-backend","timestamp":"2025-04-12T18:30:09.034Z"}
{"error":"Falha ao conectar à OLT após 3 tentativas","level":"error","message":"Erro ao obter informações da OLT","service":"easy-huawei-backend","timestamp":"2025-04-12T18:31:09.062Z"}
{"error":"Falha ao conectar à OLT após 3 tentativas","level":"error","message":"Erro ao obter informações da OLT","service":"easy-huawei-backend","timestamp":"2025-04-12T18:32:09.065Z"}
{"error":"Falha ao conectar à OLT após 3 tentativas","level":"error","message":"Erro ao obter informações da OLT","service":"easy-huawei-backend","timestamp":"2025-04-12T18:33:09.087Z"}
{"error":"Falha ao conectar à OLT após 3 tentativas","level":"error","message":"Erro ao obter informações da OLT","service":"easy-huawei-backend","timestamp":"2025-04-12T18:34:09.119Z"}
{"error":"Falha ao conectar à OLT após 3 tentativas","level":"error","message":"Erro ao obter informações da OLT","service":"easy-huawei-backend","timestamp":"2025-04-12T18:35:09.118Z"}
{"error":"Falha ao conectar à OLT após 3 tentativas","level":"error","message":"Erro ao obter informações da OLT","service":"easy-huawei-backend","timestamp":"2025-04-12T18:36:09.130Z"}
{"error":"Falha ao conectar à OLT após 3 tentativas","level":"error","message":"Erro ao obter informações da OLT","service":"easy-huawei-backend","timestamp":"2025-04-12T18:37:09.144Z"}
{"error":"Falha ao conectar à OLT após 3 tentativas","level":"error","message":"Erro ao obter informações da OLT","service":"easy-huawei-backend","timestamp":"2025-04-12T18:38:08.413Z"}
{"error":"Falha ao conectar à OLT após 3 tentativas","level":"error","message":"Erro ao obter informações da OLT","service":"easy-huawei-backend","timestamp":"2025-04-12T18:39:09.070Z"}
{"error":"Falha ao conectar à OLT após 3 tentativas","level":"error","message":"Erro ao obter informações da OLT","service":"easy-huawei-backend","timestamp":"2025-04-12T18:40:09.081Z"}
{"error":"Falha ao conectar à OLT após 3 tentativas","level":"error","message":"Erro ao obter informações da OLT","service":"easy-huawei-backend","timestamp":"2025-04-12T18:41:09.090Z"}
{"error":"Falha ao conectar à OLT após 3 tentativas","level":"error","message":"Erro ao obter informações da OLT","service":"easy-huawei-backend","timestamp":"2025-04-12T18:42:09.133Z"}
{"error":"Falha ao conectar à OLT após 3 tentativas","level":"error","message":"Erro ao obter informações da OLT","service":"easy-huawei-backend","timestamp":"2025-04-12T18:43:09.129Z"}
{"error":"Falha ao conectar à OLT após 3 tentativas","level":"error","message":"Erro ao obter informações da OLT","service":"easy-huawei-backend","timestamp":"2025-04-12T18:44:09.140Z"}
{"error":"Falha ao conectar à OLT após 3 tentativas","level":"error","message":"Erro ao obter informações da OLT","service":"easy-huawei-backend","timestamp":"2025-04-12T18:45:08.987Z"}
{"error":"Falha ao conectar à OLT após 3 tentativas","level":"error","message":"Erro ao obter informações da OLT","service":"easy-huawei-backend","timestamp":"2025-04-12T18:46:08.992Z"}
{"error":"Falha ao conectar à OLT após 3 tentativas","level":"error","message":"Erro ao obter informações da OLT","service":"easy-huawei-backend","timestamp":"2025-04-12T18:47:09.182Z"}
{"error":"Falha ao conectar à OLT após 3 tentativas","level":"error","message":"Erro ao obter informações da OLT","service":"easy-huawei-backend","timestamp":"2025-04-12T18:48:09.167Z"}
{"error":"Falha ao conectar à OLT após 3 tentativas","level":"error","message":"Erro ao obter informações da OLT","service":"easy-huawei-backend","timestamp":"2025-04-12T18:49:09.045Z"}
{"error":"Falha ao conectar à OLT após 3 tentativas","level":"error","message":"Erro ao obter informações da OLT","service":"easy-huawei-backend","timestamp":"2025-04-12T18:50:08.956Z"}
{"error":"Falha ao conectar à OLT após 3 tentativas","level":"error","message":"Erro ao obter informações da OLT","service":"easy-huawei-backend","timestamp":"2025-04-12T18:51:09.121Z"}
{"error":"Falha ao conectar à OLT após 3 tentativas","level":"error","message":"Erro ao obter informações da OLT","service":"easy-huawei-backend","timestamp":"2025-04-12T18:52:08.936Z"}
{"error":"Falha ao conectar à OLT após 3 tentativas","level":"error","message":"Erro ao obter informações da OLT","service":"easy-huawei-backend","timestamp":"2025-04-12T18:53:08.968Z"}
{"error":"Falha ao conectar à OLT após 3 tentativas","level":"error","message":"Erro ao obter informações da OLT","service":"easy-huawei-backend","timestamp":"2025-04-12T18:54:08.411Z"}
{"error":"Falha ao conectar à OLT após 3 tentativas","level":"error","message":"Erro ao obter informações da OLT","service":"easy-huawei-backend","timestamp":"2025-04-12T18:55:09.184Z"}
{"error":"Falha ao conectar à OLT após 3 tentativas","level":"error","message":"Erro ao obter informações da OLT","service":"easy-huawei-backend","timestamp":"2025-04-12T18:56:09.208Z"}
{"error":"Falha ao conectar à OLT após 3 tentativas","level":"error","message":"Erro ao obter informações da OLT","service":"easy-huawei-backend","timestamp":"2025-04-12T18:57:09.064Z"}
{"error":"Falha ao conectar à OLT após 3 tentativas","level":"error","message":"Erro ao obter informações da OLT","service":"easy-huawei-backend","timestamp":"2025-04-12T18:58:08.873Z"}
{"error":"Falha ao conectar à OLT após 3 tentativas","level":"error","message":"Erro ao obter informações da OLT","service":"easy-huawei-backend","timestamp":"2025-04-12T18:59:09.116Z"}
{"error":"Falha ao conectar à OLT após 3 tentativas","level":"error","message":"Erro ao obter informações da OLT","service":"easy-huawei-backend","timestamp":"2025-04-12T19:00:09.124Z"}
{"error":"Falha ao conectar à OLT após 3 tentativas","level":"error","message":"Erro ao obter informações da OLT","service":"easy-huawei-backend","timestamp":"2025-04-12T19:01:09.145Z"}
{"error":"Falha ao conectar à OLT após 3 tentativas","level":"error","message":"Erro ao obter informações da OLT","service":"easy-huawei-backend","timestamp":"2025-04-12T19:02:09.174Z"}
{"error":"Falha ao conectar à OLT após 3 tentativas","level":"error","message":"Erro ao obter informações da OLT","service":"easy-huawei-backend","timestamp":"2025-04-12T19:03:09.160Z"}
{"error":"Falha ao conectar à OLT após 3 tentativas","level":"error","message":"Erro ao obter informações da OLT","service":"easy-huawei-backend","timestamp":"2025-04-12T19:04:09.186Z"}
{"error":"Falha ao conectar à OLT após 3 tentativas","level":"error","message":"Erro ao obter informações da OLT","service":"easy-huawei-backend","timestamp":"2025-04-12T19:05:08.841Z"}
{"error":"Falha ao conectar à OLT após 3 tentativas","level":"error","message":"Erro ao obter informações da OLT","service":"easy-huawei-backend","timestamp":"2025-04-12T19:06:09.092Z"}
{"error":"Falha ao conectar à OLT após 3 tentativas","level":"error","message":"Erro ao obter informações da OLT","service":"easy-huawei-backend","timestamp":"2025-04-12T19:07:09.101Z"}
{"error":"Falha ao conectar à OLT após 3 tentativas","level":"error","message":"Erro ao obter informações da OLT","service":"easy-huawei-backend","timestamp":"2025-04-12T19:08:09.158Z"}
{"error":"Falha ao conectar à OLT após 3 tentativas","level":"error","message":"Erro ao obter informações da OLT","service":"easy-huawei-backend","timestamp":"2025-04-12T19:09:08.986Z"}
{"error":"Falha ao conectar à OLT após 3 tentativas","level":"error","message":"Erro ao obter informações da OLT","service":"easy-huawei-backend","timestamp":"2025-04-12T19:10:08.371Z"}
{"error":"Falha ao conectar à OLT após 3 tentativas","level":"error","message":"Erro ao obter informações da OLT","service":"easy-huawei-backend","timestamp":"2025-04-12T19:11:09.034Z"}
{"error":"Falha ao conectar à OLT após 3 tentativas","level":"error","message":"Erro ao obter informações da OLT","service":"easy-huawei-backend","timestamp":"2025-04-12T19:12:09.049Z"}
{"error":"Falha ao conectar à OLT após 3 tentativas","level":"error","message":"Erro ao obter informações da OLT","service":"easy-huawei-backend","timestamp":"2025-04-12T19:13:08.872Z"}
{"error":"Falha ao conectar à OLT após 3 tentativas","level":"error","message":"Erro ao obter informações da OLT","service":"easy-huawei-backend","timestamp":"2025-04-12T19:14:08.902Z"}
{"error":"Falha ao conectar à OLT após 3 tentativas","level":"error","message":"Erro ao obter informações da OLT","service":"easy-huawei-backend","timestamp":"2025-04-12T19:15:09.119Z"}
{"error":"Falha ao conectar à OLT após 3 tentativas","level":"error","message":"Erro ao obter informações da OLT","service":"easy-huawei-backend","timestamp":"2025-04-12T19:16:09.152Z"}
{"error":"Falha ao conectar à OLT após 3 tentativas","level":"error","message":"Erro ao obter informações da OLT","service":"easy-huawei-backend","timestamp":"2025-04-12T19:17:08.816Z"}
{"error":"Falha ao conectar à OLT após 3 tentativas","level":"error","message":"Erro ao obter informações da OLT","service":"easy-huawei-backend","timestamp":"2025-04-12T19:18:08.870Z"}
{"error":"Falha ao conectar à OLT após 3 tentativas","level":"error","message":"Erro ao obter informações da OLT","service":"easy-huawei-backend","timestamp":"2025-04-12T19:19:09.085Z"}
{"error":"Falha ao conectar à OLT após 3 tentativas","level":"error","message":"Erro ao obter informações da OLT","service":"easy-huawei-backend","timestamp":"2025-04-12T19:20:08.912Z"}
{"error":"Falha ao conectar à OLT após 3 tentativas","level":"error","message":"Erro ao obter informações da OLT","service":"easy-huawei-backend","timestamp":"2025-04-12T19:21:08.951Z"}
{"error":"Falha ao conectar à OLT após 3 tentativas","level":"error","message":"Erro ao obter informações da OLT","service":"easy-huawei-backend","timestamp":"2025-04-12T19:22:08.990Z"}
{"error":"Falha ao conectar à OLT após 3 tentativas","level":"error","message":"Erro ao obter informações da OLT","service":"easy-huawei-backend","timestamp":"2025-04-12T19:23:09.027Z"}
{"error":"Falha ao conectar à OLT após 3 tentativas","level":"error","message":"Erro ao obter informações da OLT","service":"easy-huawei-backend","timestamp":"2025-04-12T19:24:09.042Z"}
{"error":"Falha ao conectar à OLT após 3 tentativas","level":"error","message":"Erro ao obter informações da OLT","service":"easy-huawei-backend","timestamp":"2025-04-12T19:25:09.052Z"}
{"error":"Falha ao conectar à OLT após 3 tentativas","level":"error","message":"Erro ao obter informações da OLT","service":"easy-huawei-backend","timestamp":"2025-04-12T19:26:08.380Z"}
{"error":"Falha ao conectar à OLT após 3 tentativas","level":"error","message":"Erro ao obter informações da OLT","service":"easy-huawei-backend","timestamp":"2025-04-12T19:27:08.955Z"}
{"error":"Falha ao conectar à OLT após 3 tentativas","level":"error","message":"Erro ao obter informações da OLT","service":"easy-huawei-backend","timestamp":"2025-04-12T19:28:08.981Z"}
{"error":"Falha ao conectar à OLT após 3 tentativas","level":"error","message":"Erro ao obter informações da OLT","service":"easy-huawei-backend","timestamp":"2025-04-12T19:29:09.008Z"}
{"error":"Falha ao conectar à OLT após 3 tentativas","level":"error","message":"Erro ao obter informações da OLT","service":"easy-huawei-backend","timestamp":"2025-04-12T19:30:09.047Z"}
{"error":"Falha ao conectar à OLT após 3 tentativas","level":"error","message":"Erro ao obter informações da OLT","service":"easy-huawei-backend","timestamp":"2025-04-12T19:31:08.901Z"}
{"error":"Falha ao conectar à OLT após 3 tentativas","level":"error","message":"Erro ao obter informações da OLT","service":"easy-huawei-backend","timestamp":"2025-04-12T19:32:08.916Z"}
{"error":"Falha ao conectar à OLT após 3 tentativas","level":"error","message":"Erro ao obter informações da OLT","service":"easy-huawei-backend","timestamp":"2025-04-12T19:33:09.126Z"}
{"error":"Falha ao conectar à OLT após 3 tentativas","level":"error","message":"Erro ao obter informações da OLT","service":"easy-huawei-backend","timestamp":"2025-04-12T19:34:09.128Z"}
{"error":"Falha ao conectar à OLT após 3 tentativas","level":"error","message":"Erro ao obter informações da OLT","service":"easy-huawei-backend","timestamp":"2025-04-12T19:35:09.163Z"}
{"error":"Falha ao conectar à OLT após 3 tentativas","level":"error","message":"Erro ao obter informações da OLT","service":"easy-huawei-backend","timestamp":"2025-04-12T19:36:08.984Z"}
{"error":"Falha ao conectar à OLT após 3 tentativas","level":"error","message":"Erro ao obter informações da OLT","service":"easy-huawei-backend","timestamp":"2025-04-12T19:37:09.010Z"}
{"error":"Falha ao conectar à OLT após 3 tentativas","level":"error","message":"Erro ao obter informações da OLT","service":"easy-huawei-backend","timestamp":"2025-04-12T19:38:09.063Z"}
{"error":"Falha ao conectar à OLT após 3 tentativas","level":"error","message":"Erro ao obter informações da OLT","service":"easy-huawei-backend","timestamp":"2025-04-12T19:39:09.072Z"}
{"error":"Falha ao conectar à OLT após 3 tentativas","level":"error","message":"Erro ao obter informações da OLT","service":"easy-huawei-backend","timestamp":"2025-04-12T19:40:09.082Z"}
{"error":"Falha ao conectar à OLT após 3 tentativas","level":"error","message":"Erro ao obter informações da OLT","service":"easy-huawei-backend","timestamp":"2025-04-12T19:41:09.138Z"}
{"error":"Falha ao conectar à OLT após 3 tentativas","level":"error","message":"Erro ao obter informações da OLT","service":"easy-huawei-backend","timestamp":"2025-04-12T19:42:08.385Z"}
{"error":"Falha ao conectar à OLT após 3 tentativas","level":"error","message":"Erro ao obter informações da OLT","service":"easy-huawei-backend","timestamp":"2025-04-12T19:43:09.197Z"}
{"error":"Falha ao conectar à OLT após 3 tentativas","level":"error","message":"Erro ao obter informações da OLT","service":"easy-huawei-backend","timestamp":"2025-04-12T19:44:09.015Z"}
{"error":"Falha ao conectar à OLT após 3 tentativas","level":"error","message":"Erro ao obter informações da OLT","service":"easy-huawei-backend","timestamp":"2025-04-12T19:45:09.039Z"}
{"error":"Falha ao conectar à OLT após 3 tentativas","level":"error","message":"Erro ao obter informações da OLT","service":"easy-huawei-backend","timestamp":"2025-04-12T19:46:09.069Z"}
{"error":"Falha ao conectar à OLT após 3 tentativas","level":"error","message":"Erro ao obter informações da OLT","service":"easy-huawei-backend","timestamp":"2025-04-12T19:47:09.088Z"}
{"error":"Falha ao conectar à OLT após 3 tentativas","level":"error","message":"Erro ao obter informações da OLT","service":"easy-huawei-backend","timestamp":"2025-04-12T19:48:09.129Z"}
{"error":"Falha ao conectar à OLT após 3 tentativas","level":"error","message":"Erro ao obter informações da OLT","service":"easy-huawei-backend","timestamp":"2025-04-12T19:49:09.134Z"}
{"error":"Falha ao conectar à OLT após 3 tentativas","level":"error","message":"Erro ao obter informações da OLT","service":"easy-huawei-backend","timestamp":"2025-04-12T19:50:09.190Z"}
{"error":"Falha ao conectar à OLT após 3 tentativas","level":"error","message":"Erro ao obter informações da OLT","service":"easy-huawei-backend","timestamp":"2025-04-12T19:51:09.216Z"}
{"error":"Falha ao conectar à OLT após 3 tentativas","level":"error","message":"Erro ao obter informações da OLT","service":"easy-huawei-backend","timestamp":"2025-04-12T19:52:09.059Z"}
{"error":"Falha ao conectar à OLT após 3 tentativas","level":"error","message":"Erro ao obter informações da OLT","service":"easy-huawei-backend","timestamp":"2025-04-12T19:53:09.075Z"}
{"error":"Falha ao conectar à OLT após 3 tentativas","level":"error","message":"Erro ao obter informações da OLT","service":"easy-huawei-backend","timestamp":"2025-04-12T19:54:09.122Z"}
{"error":"Falha ao conectar à OLT após 3 tentativas","level":"error","message":"Erro ao obter informações da OLT","service":"easy-huawei-backend","timestamp":"2025-04-12T19:55:09.165Z"}
{"error":"Falha ao conectar à OLT após 3 tentativas","level":"error","message":"Erro ao obter informações da OLT","service":"easy-huawei-backend","timestamp":"2025-04-12T19:56:08.853Z"}
{"error":"Falha ao conectar à OLT após 3 tentativas","level":"error","message":"Erro ao obter informações da OLT","service":"easy-huawei-backend","timestamp":"2025-04-12T19:57:08.865Z"}
{"error":"Falha ao conectar à OLT após 3 tentativas","level":"error","message":"Erro ao obter informações da OLT","service":"easy-huawei-backend","timestamp":"2025-04-12T19:58:08.391Z"}
{"error":"Falha ao conectar à OLT após 3 tentativas","level":"error","message":"Erro ao obter informações da OLT","service":"easy-huawei-backend","timestamp":"2025-04-12T19:59:09.056Z"}
{"error":"Falha ao conectar à OLT após 3 tentativas","level":"error","message":"Erro ao obter informações da OLT","service":"easy-huawei-backend","timestamp":"2025-04-12T20:00:09.091Z"}
{"error":"Falha ao conectar à OLT após 3 tentativas","level":"error","message":"Erro ao obter informações da OLT","service":"easy-huawei-backend","timestamp":"2025-04-12T20:01:08.872Z"}
{"error":"Falha ao conectar à OLT após 3 tentativas","level":"error","message":"Erro ao obter informações da OLT","service":"easy-huawei-backend","timestamp":"2025-04-12T20:02:08.910Z"}
{"error":"Falha ao conectar à OLT após 3 tentativas","level":"error","message":"Erro ao obter informações da OLT","service":"easy-huawei-backend","timestamp":"2025-04-12T20:03:09.174Z"}
{"error":"Falha ao conectar à OLT após 3 tentativas","level":"error","message":"Erro ao obter informações da OLT","service":"easy-huawei-backend","timestamp":"2025-04-12T20:04:08.908Z"}
{"error":"Falha ao conectar à OLT após 3 tentativas","level":"error","message":"Erro ao obter informações da OLT","service":"easy-huawei-backend","timestamp":"2025-04-12T20:05:08.914Z"}
{"error":"Falha ao conectar à OLT após 3 tentativas","level":"error","message":"Erro ao obter informações da OLT","service":"easy-huawei-backend","timestamp":"2025-04-12T20:06:08.919Z"}
{"error":"Falha ao conectar à OLT após 3 tentativas","level":"error","message":"Erro ao obter informações da OLT","service":"easy-huawei-backend","timestamp":"2025-04-12T20:07:08.943Z"}
{"error":"Falha ao conectar à OLT após 3 tentativas","level":"error","message":"Erro ao obter informações da OLT","service":"easy-huawei-backend","timestamp":"2025-04-12T20:08:09.136Z"}
{"error":"Falha ao conectar à OLT após 3 tentativas","level":"error","message":"Erro ao obter informações da OLT","service":"easy-huawei-backend","timestamp":"2025-04-12T20:09:08.989Z"}
{"error":"Falha ao conectar à OLT após 3 tentativas","level":"error","message":"Erro ao obter informações da OLT","service":"easy-huawei-backend","timestamp":"2025-04-12T20:10:09.210Z"}
{"error":"Falha ao conectar à OLT após 3 tentativas","level":"error","message":"Erro ao obter informações da OLT","service":"easy-huawei-backend","timestamp":"2025-04-12T20:11:09.204Z"}
{"error":"Falha ao conectar à OLT após 3 tentativas","level":"error","message":"Erro ao obter informações da OLT","service":"easy-huawei-backend","timestamp":"2025-04-12T20:12:08.971Z"}
{"error":"Falha ao conectar à OLT após 3 tentativas","level":"error","message":"Erro ao obter informações da OLT","service":"easy-huawei-backend","timestamp":"2025-04-12T20:13:09.073Z"}
{"error":"Falha ao conectar à OLT após 3 tentativas","level":"error","message":"Erro ao obter informações da OLT","service":"easy-huawei-backend","timestamp":"2025-04-12T20:14:08.396Z"}
{"error":"Falha ao conectar à OLT após 3 tentativas","level":"error","message":"Erro ao obter informações da OLT","service":"easy-huawei-backend","timestamp":"2025-04-12T20:15:08.926Z"}
{"error":"Falha ao conectar à OLT após 3 tentativas","level":"error","message":"Erro ao obter informações da OLT","service":"easy-huawei-backend","timestamp":"2025-04-12T20:16:09.012Z"}
{"error":"Falha ao conectar à OLT após 3 tentativas","level":"error","message":"Erro ao obter informações da OLT","service":"easy-huawei-backend","timestamp":"2025-04-12T20:17:09.015Z"}
{"error":"Falha ao conectar à OLT após 3 tentativas","level":"error","message":"Erro ao obter informações da OLT","service":"easy-huawei-backend","timestamp":"2025-04-12T20:18:09.024Z"}
{"error":"Falha ao conectar à OLT após 3 tentativas","level":"error","message":"Erro ao obter informações da OLT","service":"easy-huawei-backend","timestamp":"2025-04-12T20:19:09.178Z"}
{"error":"Falha ao conectar à OLT após 3 tentativas","level":"error","message":"Erro ao obter informações da OLT","service":"easy-huawei-backend","timestamp":"2025-04-12T20:20:08.986Z"}
{"error":"Falha ao conectar à OLT após 3 tentativas","level":"error","message":"Erro ao obter informações da OLT","service":"easy-huawei-backend","timestamp":"2025-04-12T20:21:08.983Z"}
{"error":"Falha ao conectar à OLT após 3 tentativas","level":"error","message":"Erro ao obter informações da OLT","service":"easy-huawei-backend","timestamp":"2025-04-12T20:22:09.003Z"}
{"error":"Falha ao conectar à OLT após 3 tentativas","level":"error","message":"Erro ao obter informações da OLT","service":"easy-huawei-backend","timestamp":"2025-04-12T20:23:08.998Z"}
{"error":"Falha ao conectar à OLT após 3 tentativas","level":"error","message":"Erro ao obter informações da OLT","service":"easy-huawei-backend","timestamp":"2025-04-12T20:24:09.001Z"}
{"error":"Falha ao conectar à OLT após 3 tentativas","level":"error","message":"Erro ao obter informações da OLT","service":"easy-huawei-backend","timestamp":"2025-04-12T20:25:09.003Z"}
{"error":"Falha ao conectar à OLT após 3 tentativas","level":"error","message":"Erro ao obter informações da OLT","service":"easy-huawei-backend","timestamp":"2025-04-12T20:26:09.001Z"}
{"error":"Falha ao conectar à OLT após 3 tentativas","level":"error","message":"Erro ao obter informações da OLT","service":"easy-huawei-backend","timestamp":"2025-04-12T20:27:09.200Z"}
{"error":"Falha ao conectar à OLT após 3 tentativas","level":"error","message":"Erro ao obter informações da OLT","service":"easy-huawei-backend","timestamp":"2025-04-12T20:28:09.011Z"}
{"error":"Falha ao conectar à OLT após 3 tentativas","level":"error","message":"Erro ao obter informações da OLT","service":"easy-huawei-backend","timestamp":"2025-04-12T20:29:09.029Z"}
{"error":"Falha ao conectar à OLT após 3 tentativas","level":"error","message":"Erro ao obter informações da OLT","service":"easy-huawei-backend","timestamp":"2025-04-12T20:30:08.353Z"}
{"error":"Falha ao conectar à OLT após 3 tentativas","level":"error","message":"Erro ao obter informações da OLT","service":"easy-huawei-backend","timestamp":"2025-04-12T20:31:09.035Z"}
{"error":"Falha ao conectar à OLT após 3 tentativas","level":"error","message":"Erro ao obter informações da OLT","service":"easy-huawei-backend","timestamp":"2025-04-12T20:32:09.010Z"}
{"error":"Falha ao conectar à OLT após 3 tentativas","level":"error","message":"Erro ao obter informações da OLT","service":"easy-huawei-backend","timestamp":"2025-04-12T20:33:09.024Z"}
{"error":"Falha ao conectar à OLT após 3 tentativas","level":"error","message":"Erro ao obter informações da OLT","service":"easy-huawei-backend","timestamp":"2025-04-12T20:34:08.912Z"}
{"error":"Falha ao conectar à OLT após 3 tentativas","level":"error","message":"Erro ao obter informações da OLT","service":"easy-huawei-backend","timestamp":"2025-04-12T20:35:09.079Z"}
{"error":"Falha ao conectar à OLT após 3 tentativas","level":"error","message":"Erro ao obter informações da OLT","service":"easy-huawei-backend","timestamp":"2025-04-12T20:36:09.082Z"}
{"error":"Falha ao conectar à OLT após 3 tentativas","level":"error","message":"Erro ao obter informações da OLT","service":"easy-huawei-backend","timestamp":"2025-04-12T20:37:09.083Z"}
{"error":"Falha ao conectar à OLT após 3 tentativas","level":"error","message":"Erro ao obter informações da OLT","service":"easy-huawei-backend","timestamp":"2025-04-12T20:38:09.115Z"}
{"error":"Falha ao conectar à OLT após 3 tentativas","level":"error","message":"Erro ao obter informações da OLT","service":"easy-huawei-backend","timestamp":"2025-04-12T20:39:09.126Z"}
{"error":"Falha ao conectar à OLT após 3 tentativas","level":"error","message":"Erro ao obter informações da OLT","service":"easy-huawei-backend","timestamp":"2025-04-12T20:40:08.850Z"}
{"error":"Falha ao conectar à OLT após 3 tentativas","level":"error","message":"Erro ao obter informações da OLT","service":"easy-huawei-backend","timestamp":"2025-04-12T20:41:08.860Z"}
{"error":"Falha ao conectar à OLT após 3 tentativas","level":"error","message":"Erro ao obter informações da OLT","service":"easy-huawei-backend","timestamp":"2025-04-12T20:42:09.049Z"}
{"error":"Falha ao conectar à OLT após 3 tentativas","level":"error","message":"Erro ao obter informações da OLT","service":"easy-huawei-backend","timestamp":"2025-04-12T20:43:09.062Z"}
{"error":"Falha ao conectar à OLT após 3 tentativas","level":"error","message":"Erro ao obter informações da OLT","service":"easy-huawei-backend","timestamp":"2025-04-12T20:44:09.068Z"}
{"error":"Falha ao conectar à OLT após 3 tentativas","level":"error","message":"Erro ao obter informações da OLT","service":"easy-huawei-backend","timestamp":"2025-04-12T20:44:44.880Z"}
{"error":"Falha ao conectar à OLT após 3 tentativas","level":"error","message":"Erro ao obter informações da OLT","service":"easy-huawei-backend","timestamp":"2025-04-12T20:44:50.550Z"}
{"level":"info","message":"Iniciando em modo produção","service":"easy-huawei-backend","timestamp":"2025-04-12T20:44:53.625Z"}
{"level":"info","message":"Conexão com o banco de dados estabelecida com sucesso.","service":"easy-huawei-backend","timestamp":"2025-04-12T20:44:53.632Z"}
{"level":"info","message":"Modelos sincronizados com sucesso.","service":"easy-huawei-backend","timestamp":"2025-04-12T20:44:53.641Z"}
{"level":"info","message":"Servidor rodando na porta 3002","service":"easy-huawei-backend","timestamp":"2025-04-12T20:44:53.642Z"}
{"error":"Not connected","level":"error","message":"Erro ao obter informações da OLT","service":"easy-huawei-backend","timestamp":"2025-04-12T20:45:20.563Z"}
{"error":"Not connected","level":"error","message":"Erro ao obter informações da OLT","service":"easy-huawei-backend","timestamp":"2025-04-12T20:45:50.971Z"}
{"error":"Falha ao conectar à OLT após 3 tentativas","level":"error","message":"Erro ao obter informações da OLT","service":"easy-huawei-backend","timestamp":"2025-04-12T20:46:21.325Z"}
